\BOOKMARK [1][-]{section.1}{\376\377\000B\000\340\000i\000\040\0001}{}% 1
\BOOKMARK [2][-]{subsection.1.1}{\376\377\000\050\000a\000\051}{section.1}% 2
\BOOKMARK [2][-]{subsection.1.2}{\376\377\000\050\000b\000\051}{section.1}% 3
\BOOKMARK [2][-]{subsection.1.3}{\376\377\000\050\000c\000\051}{section.1}% 4
\BOOKMARK [2][-]{subsection.1.4}{\376\377\000\050\000d\000\051}{section.1}% 5
\BOOKMARK [2][-]{subsection.1.5}{\376\377\000\050\000e\000\051}{section.1}% 6
\BOOKMARK [2][-]{subsection.1.6}{\376\377\000\050\000f\000\051}{section.1}% 7
\BOOKMARK [2][-]{subsection.1.7}{\376\377\000\050\000g\000\051}{section.1}% 8
\BOOKMARK [1][-]{section.2}{\376\377\000B\000\340\000i\000\040\0002}{}% 9
\BOOKMARK [2][-]{subsection.2.1}{\376\377\000\050\000a\000\051}{section.2}% 10
\BOOKMARK [2][-]{subsection.2.2}{\376\377\000\050\000b\000\051}{section.2}% 11
\BOOKMARK [2][-]{subsection.2.3}{\376\377\000\050\000c\000\051}{section.2}% 12
\BOOKMARK [2][-]{subsection.2.4}{\376\377\000\050\000d\000\051}{section.2}% 13
\BOOKMARK [1][-]{section.3}{\376\377\000B\000\340\000i\000\040\0003}{}% 14
\BOOKMARK [2][-]{subsection.3.1}{\376\377\000\050\000a\000\051}{section.3}% 15
\BOOKMARK [2][-]{subsection.3.2}{\376\377\000\050\000b\000\051}{section.3}% 16
\BOOKMARK [2][-]{subsection.3.3}{\376\377\000\050\000c\000\051}{section.3}% 17
\BOOKMARK [2][-]{subsection.3.4}{\376\377\000\050\000d\000\051}{section.3}% 18
\BOOKMARK [2][-]{subsection.3.5}{\376\377\000\050\000e\000\051}{section.3}% 19
\BOOKMARK [2][-]{subsection.3.6}{\376\377\000\050\000f\000\051}{section.3}% 20
\BOOKMARK [2][-]{subsection.3.7}{\376\377\000\050\000g\000\051}{section.3}% 21
\BOOKMARK [2][-]{subsection.3.8}{\376\377\000\050\000h\000\051}{section.3}% 22
\BOOKMARK [2][-]{subsection.3.9}{\376\377\000\050\000i\000\051}{section.3}% 23
\BOOKMARK [2][-]{subsection.3.10}{\376\377\000\050\000j\000\051}{section.3}% 24
\BOOKMARK [1][-]{section.4}{\376\377\000B\000\340\000i\000\040\0004}{}% 25
\BOOKMARK [2][-]{subsection.4.1}{\376\377\000\050\000a\000\051}{section.4}% 26
\BOOKMARK [2][-]{subsection.4.2}{\376\377\000\050\000b\000\051}{section.4}% 27
\BOOKMARK [2][-]{subsection.4.3}{\376\377\000\050\000c\000\051}{section.4}% 28
\BOOKMARK [2][-]{subsection.4.4}{\376\377\000\050\000d\000\051}{section.4}% 29
\BOOKMARK [2][-]{subsection.4.5}{\376\377\000\050\000e\000\051}{section.4}% 30
\BOOKMARK [2][-]{subsection.4.6}{\376\377\000\050\000f\000\051}{section.4}% 31
\BOOKMARK [2][-]{subsection.4.7}{\376\377\000\050\000g\000\051}{section.4}% 32
\BOOKMARK [1][-]{section.5}{\376\377\000B\000\340\000i\000\040\0005}{}% 33
\BOOKMARK [2][-]{subsection.5.1}{\376\377\000\050\000a\000\051}{section.5}% 34
\BOOKMARK [2][-]{subsection.5.2}{\376\377\000\050\000b\000\051}{section.5}% 35
\BOOKMARK [1][-]{section.6}{\376\377\000B\000\340\000i\000\040\0006}{}% 36
\BOOKMARK [2][-]{subsection.6.1}{\376\377\000\050\000a\000\051}{section.6}% 37
\BOOKMARK [2][-]{subsection.6.2}{\376\377\000\050\000b\000\051}{section.6}% 38
\BOOKMARK [2][-]{subsection.6.3}{\376\377\000\050\000c\000\051}{section.6}% 39
\BOOKMARK [1][-]{section.7}{\376\377\000B\000\340\000i\000\040\0007}{}% 40
\BOOKMARK [2][-]{subsection.7.1}{\376\377\000\050\000a\000\051}{section.7}% 41
\BOOKMARK [2][-]{subsection.7.2}{\376\377\000\050\000b\000\051}{section.7}% 42
\BOOKMARK [2][-]{subsection.7.3}{\376\377\000\050\000c\000\051}{section.7}% 43
\BOOKMARK [2][-]{subsection.7.4}{\376\377\000\050\000d\000\051}{section.7}% 44
\BOOKMARK [1][-]{section.8}{\376\377\000B\000\340\000i\000\040\0008}{}% 45
\BOOKMARK [2][-]{subsection.8.1}{\376\377\000\050\000a\000\051}{section.8}% 46
\BOOKMARK [2][-]{subsection.8.2}{\376\377\000\050\000b\000\051}{section.8}% 47
