INFO:  latexindent version 3.24.4, 2024-07-18, a script to indent .tex files
       latexindent lives here: /usr/share/texmf-dist/scripts/latexindent/
       Sat Jan 17 11:48:15 2026
       Filename: /home/lesliu/Documents/school/25_26_Semester_1/intro_qc/exercise_4/content/__latexindent_temp_ex_5.tex
INFO:  Processing switches:
       -y|--yaml: YAML settings specified via command line
       -c|--cruft: cruft directory
INFO:  Directory for backup files and log file /home/lesliu/Documents/school/25_26_Semester_1/intro_qc/exercise_4/indent.log:
       /home/lesliu/Documents/school/25_26_Semester_1/intro_qc/exercise_4/
INFO:  YAML settings read: defaultSettings.yaml
       Reading defaultSettings.yaml from /usr/share/texmf-dist/scripts/latexindent/defaultSettings.yaml
INFO:  YAML reading settings
       Home directory is /home/lesliu
       latexindent.pl didn't find indentconfig.yaml or .indentconfig.yaml
       see all possible locations: https://latexindentpl.readthedocs.io/en/latest/sec-appendices.html#indentconfig-options)
INFO:  YAML settings read: -y switch
       YAML setting: defaultIndent:'    '
       single-quoted string found in -y switch: '    ', substitute to     
       Updating mainSettings with defaultIndent:     
INFO:  Phase 1: searching for objects
INFO:  Phase 2: finding surrounding indentation
INFO:  Phase 3: indenting objects
INFO:  Phase 4: final indentation check
INFO:  Output routine:
       Not outputting to file; see -w and -o switches for more options.
       --------------
INFO:  Please direct all communication/issues to:
        https://github.com/cmhughes/latexindent.pl
